Inicio: 09/05/2017 23:59:25
Nome do jogador: bELTRANO
Revista: 011
 Pergunta: 1
  Resposta errada: A
  Resposta errada: B
  Resposta errada: C
  Resposta correta: D
Fim: 09/05/2017 23:59:56
--------------------------
Inicio: 10/05/2017 00:01:15
Nome do jogador: teste
Revista: 012
 Pergunta: 31
  Resposta errada: D
  Resposta errada: D
  Resposta errada: A
  Resposta correta: C
Fim: 10/05/2017 00:01:31
--------------------------
Inicio: 10/05/2017 00:02:42
Nome do jogador: Israel
Revista: 011
 Pergunta: 1
  Resposta errada: A
  Resposta correta: D
Fim: 10/05/2017 00:02:53
--------------------------
Inicio: 15/05/2017 13:28:01
Nome do jogador: Israel
Revista: 011
 Pergunta: 1
  Resposta errada: A
  Resposta correta: D
Fim: 15/05/2017 13:28:19
--------------------------
Inicio: 15/05/2017 13:29:43
Nome do jogador: Israel
Revista: 011
 Pergunta: 1
  Resposta correta: D
Fim: 15/05/2017 13:29:50
--------------------------
Inicio: 26/05/2017 08:28:49
Nome do jogador: teste
Revista: 011
 Pergunta: 1
  Resposta errada: A
  Resposta errada: A
  Resposta correta: D
 Pergunta: 2
  Resposta correta: B
 Pergunta: 3
  Resposta correta: A
 Pergunta: 4
  Resposta correta: A
 Pergunta: 5
  Resposta correta: D
 Pergunta: 6
  Resposta correta: C
 Pergunta: 7
  Resposta correta: B
 Pergunta: 8
  Resposta correta: D
 Pergunta: 9
  Resposta correta: A
 Pergunta: 10
  Resposta correta: A
Fim: 26/05/2017 08:30:06
--------------------------
Inicio: 26/05/2017 08:30:59
Nome do jogador: dfadsf
Revista: 011
 Pergunta: 1
  Resposta correta: D
 Pergunta: 2
  Resposta correta: B
 Pergunta: 3
  Resposta correta: A
 Pergunta: 4
  Resposta correta: A
 Pergunta: 5
  Resposta errada: A
  Resposta errada: C
  Resposta correta: D
 Pergunta: 6
  Resposta errada: D
  Resposta errada: A
  Resposta errada: B
  Resposta correta: C
 Pergunta: 7
  Resposta correta: B
 Pergunta: 8
  Resposta correta: D
 Pergunta: 9
  Resposta correta: A
 Pergunta: 10
  Resposta correta: A
Fim: 26/05/2017 08:33:34
--------------------------
Inicio: 30/05/2017 15:05:28
Nome do jogador: Israel
Revista: 011
numeroRevista: 011
capitulo: 0
inicioResposta: 1
inicioPergunta: 0
qtdeQuestoesCap: 1
 Pergunta: 1
  Resposta correta: D
Fim: 30/05/2017 15:05:50
--------------------------
Inicio: 30/05/2017 15:07:37
Nome do jogador: Israel
Revista: 011
numeroRevista: 011
capitulo: 0
inicioResposta: 1
inicioPergunta: 0
qtdeQuestoesCap: 10
 Pergunta: 1
  Resposta errada: A
  Resposta correta: D
Fim: 30/05/2017 15:07:48
--------------------------
Inicio: 30/05/2017 15:15:58
Nome do jogador: Israel
Revista: 011
numeroRevista: 011
capitulo: 0
inicioResposta: 1
inicioPergunta: 0
 Pergunta: 1
  Resposta errada: A
  Resposta correta: D
Fim: 30/05/2017 15:16:06
--------------------------
Inicio: 30/05/2017 15:18:39
Nome do jogador: Israel
Revista: 011
numeroRevista: 011
capitulo: 0
inicioResposta: 1
inicioPergunta: 0
 Pergunta: 1
  Resposta errada: A
  Resposta correta: D
 Pergunta: 2
  Resposta correta: B
 Pergunta: 3
  Resposta correta: A
 Pergunta: 4
  Resposta correta: A
 Pergunta: 5
  Resposta correta: D
 Pergunta: 6
  Resposta errada: B
  Resposta errada: A
  Resposta errada: A
  Resposta errada: B
  Resposta correta: C
 Pergunta: 7
  Resposta errada: D
  Resposta errada: A
  Resposta errada: A
  Resposta correta: B
 Pergunta: 8
  Resposta errada: A
  Resposta correta: D
 Pergunta: 9
  Resposta correta: A
 Pergunta: 10
  Resposta correta: A
Fim: 30/05/2017 15:19:19
